Analysis & Synthesis report for monitor_top
Mon Feb 14 15:39:59 2022
Quartus Prime Version 20.1.0 Build 711 06/05/2020 SJ Lite Edition


---------------------
; Table of Contents ;
---------------------
  1. Legal Notice
  2. Analysis & Synthesis Summary
  3. Analysis & Synthesis Settings
  4. Parallel Compilation
  5. Analysis & Synthesis Source Files Read
  6. Analysis & Synthesis Resource Usage Summary
  7. Analysis & Synthesis Resource Utilization by Entity
  8. State Machine - |monitor_top|uart_rx:receiver|state
  9. Registers Removed During Synthesis
 10. General Register Statistics
 11. Multiplexer Restructuring Statistics (Restructuring Performed)
 12. Parameter Settings for User Entity Instance: baud_generator:baud_gen_tx
 13. Parameter Settings for User Entity Instance: baud_generator:baud_gen_rx
 14. Post-Synthesis Netlist Statistics for Top Partition
 15. Elapsed Time Per Partition
 16. Analysis & Synthesis Messages



----------------
; Legal Notice ;
----------------
Copyright (C) 2020  Intel Corporation. All rights reserved.
Your use of Intel Corporation's design tools, logic functions 
and other software and tools, and any partner logic 
functions, and any output files from any of the foregoing 
(including device programming or simulation files), and any 
associated documentation or information are expressly subject 
to the terms and conditions of the Intel Program License 
Subscription Agreement, the Intel Quartus Prime License Agreement,
the Intel FPGA IP License Agreement, or other applicable license
agreement, including, without limitation, that your use is for
the sole purpose of programming logic devices manufactured by
Intel and sold by Intel or its authorized distributors.  Please
refer to the applicable agreement for further details, at
https://fpgasoftware.intel.com/eula.



+----------------------------------------------------------------------------------+
; Analysis & Synthesis Summary                                                     ;
+------------------------------------+---------------------------------------------+
; Analysis & Synthesis Status        ; Successful - Mon Feb 14 15:39:59 2022       ;
; Quartus Prime Version              ; 20.1.0 Build 711 06/05/2020 SJ Lite Edition ;
; Revision Name                      ; monitor_top                                 ;
; Top-level Entity Name              ; monitor_top                                 ;
; Family                             ; Cyclone IV E                                ;
; Total logic elements               ; 72                                          ;
;     Total combinational functions  ; 72                                          ;
;     Dedicated logic registers      ; 39                                          ;
; Total registers                    ; 39                                          ;
; Total pins                         ; 58                                          ;
; Total virtual pins                 ; 0                                           ;
; Total memory bits                  ; 0                                           ;
; Embedded Multiplier 9-bit elements ; 0                                           ;
; Total PLLs                         ; 0                                           ;
+------------------------------------+---------------------------------------------+


+------------------------------------------------------------------------------------------------------------+
; Analysis & Synthesis Settings                                                                              ;
+------------------------------------------------------------------+--------------------+--------------------+
; Option                                                           ; Setting            ; Default Value      ;
+------------------------------------------------------------------+--------------------+--------------------+
; Device                                                           ; EP4CE115F29C7      ;                    ;
; Top-level entity name                                            ; monitor_top        ; monitor_top        ;
; Family name                                                      ; Cyclone IV E       ; Cyclone V          ;
; Use smart compilation                                            ; Off                ; Off                ;
; Enable parallel Assembler and Timing Analyzer during compilation ; On                 ; On                 ;
; Enable compact report table                                      ; Off                ; Off                ;
; Restructure Multiplexers                                         ; Auto               ; Auto               ;
; Create Debugging Nodes for IP Cores                              ; Off                ; Off                ;
; Preserve fewer node names                                        ; On                 ; On                 ;
; Intel FPGA IP Evaluation Mode                                    ; Enable             ; Enable             ;
; Verilog Version                                                  ; Verilog_2001       ; Verilog_2001       ;
; VHDL Version                                                     ; VHDL_1993          ; VHDL_1993          ;
; State Machine Processing                                         ; Auto               ; Auto               ;
; Safe State Machine                                               ; Off                ; Off                ;
; Extract Verilog State Machines                                   ; On                 ; On                 ;
; Extract VHDL State Machines                                      ; On                 ; On                 ;
; Ignore Verilog initial constructs                                ; Off                ; Off                ;
; Iteration limit for constant Verilog loops                       ; 5000               ; 5000               ;
; Iteration limit for non-constant Verilog loops                   ; 250                ; 250                ;
; Add Pass-Through Logic to Inferred RAMs                          ; On                 ; On                 ;
; Infer RAMs from Raw Logic                                        ; On                 ; On                 ;
; Parallel Synthesis                                               ; On                 ; On                 ;
; DSP Block Balancing                                              ; Auto               ; Auto               ;
; NOT Gate Push-Back                                               ; On                 ; On                 ;
; Power-Up Don't Care                                              ; On                 ; On                 ;
; Remove Redundant Logic Cells                                     ; Off                ; Off                ;
; Remove Duplicate Registers                                       ; On                 ; On                 ;
; Ignore CARRY Buffers                                             ; Off                ; Off                ;
; Ignore CASCADE Buffers                                           ; Off                ; Off                ;
; Ignore GLOBAL Buffers                                            ; Off                ; Off                ;
; Ignore ROW GLOBAL Buffers                                        ; Off                ; Off                ;
; Ignore LCELL Buffers                                             ; Off                ; Off                ;
; Ignore SOFT Buffers                                              ; On                 ; On                 ;
; Limit AHDL Integers to 32 Bits                                   ; Off                ; Off                ;
; Optimization Technique                                           ; Balanced           ; Balanced           ;
; Carry Chain Length                                               ; 70                 ; 70                 ;
; Auto Carry Chains                                                ; On                 ; On                 ;
; Auto Open-Drain Pins                                             ; On                 ; On                 ;
; Perform WYSIWYG Primitive Resynthesis                            ; Off                ; Off                ;
; Auto ROM Replacement                                             ; On                 ; On                 ;
; Auto RAM Replacement                                             ; On                 ; On                 ;
; Auto DSP Block Replacement                                       ; On                 ; On                 ;
; Auto Shift Register Replacement                                  ; Auto               ; Auto               ;
; Allow Shift Register Merging across Hierarchies                  ; Auto               ; Auto               ;
; Auto Clock Enable Replacement                                    ; On                 ; On                 ;
; Strict RAM Replacement                                           ; Off                ; Off                ;
; Allow Synchronous Control Signals                                ; On                 ; On                 ;
; Force Use of Synchronous Clear Signals                           ; Off                ; Off                ;
; Auto RAM Block Balancing                                         ; On                 ; On                 ;
; Auto RAM to Logic Cell Conversion                                ; Off                ; Off                ;
; Auto Resource Sharing                                            ; Off                ; Off                ;
; Allow Any RAM Size For Recognition                               ; Off                ; Off                ;
; Allow Any ROM Size For Recognition                               ; Off                ; Off                ;
; Allow Any Shift Register Size For Recognition                    ; Off                ; Off                ;
; Use LogicLock Constraints during Resource Balancing              ; On                 ; On                 ;
; Ignore translate_off and synthesis_off directives                ; Off                ; Off                ;
; Timing-Driven Synthesis                                          ; On                 ; On                 ;
; Report Parameter Settings                                        ; On                 ; On                 ;
; Report Source Assignments                                        ; On                 ; On                 ;
; Report Connectivity Checks                                       ; On                 ; On                 ;
; Ignore Maximum Fan-Out Assignments                               ; Off                ; Off                ;
; Synchronization Register Chain Length                            ; 2                  ; 2                  ;
; Power Optimization During Synthesis                              ; Normal compilation ; Normal compilation ;
; HDL message level                                                ; Level2             ; Level2             ;
; Suppress Register Optimization Related Messages                  ; Off                ; Off                ;
; Number of Removed Registers Reported in Synthesis Report         ; 5000               ; 5000               ;
; Number of Swept Nodes Reported in Synthesis Report               ; 5000               ; 5000               ;
; Number of Inverted Registers Reported in Synthesis Report        ; 100                ; 100                ;
; Clock MUX Protection                                             ; On                 ; On                 ;
; Auto Gated Clock Conversion                                      ; Off                ; Off                ;
; Block Design Naming                                              ; Auto               ; Auto               ;
; SDC constraint protection                                        ; Off                ; Off                ;
; Synthesis Effort                                                 ; Auto               ; Auto               ;
; Shift Register Replacement - Allow Asynchronous Clear Signal     ; On                 ; On                 ;
; Pre-Mapping Resynthesis Optimization                             ; Off                ; Off                ;
; Analysis & Synthesis Message Level                               ; Medium             ; Medium             ;
; Disable Register Merging Across Hierarchies                      ; Auto               ; Auto               ;
; Resource Aware Inference For Block RAM                           ; On                 ; On                 ;
+------------------------------------------------------------------+--------------------+--------------------+


+------------------------------------------+
; Parallel Compilation                     ;
+----------------------------+-------------+
; Processors                 ; Number      ;
+----------------------------+-------------+
; Number detected on machine ; 8           ;
; Maximum allowed            ; 4           ;
;                            ;             ;
; Average used               ; 1.00        ;
; Maximum used               ; 4           ;
;                            ;             ;
; Usage by Processor         ; % Time Used ;
;     Processor 1            ; 100.0%      ;
;     Processors 2-4         ;   0.0%      ;
+----------------------------+-------------+


+-------------------------------------------------------------------------------------------------------------------------------------------------------------------------+
; Analysis & Synthesis Source Files Read                                                                                                                                  ;
+----------------------------------+-----------------+------------------------------+---------------------------------------------------------------------------+---------+
; File Name with User-Entered Path ; Used in Netlist ; File Type                    ; File Name with Absolute Path                                              ; Library ;
+----------------------------------+-----------------+------------------------------+---------------------------------------------------------------------------+---------+
; src/uart_rx.sv                   ; yes             ; User SystemVerilog HDL File  ; C:/Users/Tyler/Documents/github/CME495/monitor/fpga/src/uart_rx.sv        ;         ;
; src/uart_globals.svh             ; yes             ; User Unspecified File        ; C:/Users/Tyler/Documents/github/CME495/monitor/fpga/src/uart_globals.svh  ;         ;
; src/monitor_top.sv               ; yes             ; User SystemVerilog HDL File  ; C:/Users/Tyler/Documents/github/CME495/monitor/fpga/src/monitor_top.sv    ;         ;
; src/baud_generator.sv            ; yes             ; User SystemVerilog HDL File  ; C:/Users/Tyler/Documents/github/CME495/monitor/fpga/src/baud_generator.sv ;         ;
+----------------------------------+-----------------+------------------------------+---------------------------------------------------------------------------+---------+


+------------------------------------------------------------+
; Analysis & Synthesis Resource Usage Summary                ;
+---------------------------------------------+--------------+
; Resource                                    ; Usage        ;
+---------------------------------------------+--------------+
; Estimated Total logic elements              ; 72           ;
;                                             ;              ;
; Total combinational functions               ; 72           ;
; Logic element usage by number of LUT inputs ;              ;
;     -- 4 input functions                    ; 34           ;
;     -- 3 input functions                    ; 17           ;
;     -- <=2 input functions                  ; 21           ;
;                                             ;              ;
; Logic elements by mode                      ;              ;
;     -- normal mode                          ; 60           ;
;     -- arithmetic mode                      ; 12           ;
;                                             ;              ;
; Total registers                             ; 39           ;
;     -- Dedicated logic registers            ; 39           ;
;     -- I/O registers                        ; 0            ;
;                                             ;              ;
; I/O pins                                    ; 58           ;
;                                             ;              ;
; Embedded Multiplier 9-bit elements          ; 0            ;
;                                             ;              ;
; Maximum fan-out node                        ; SW[17]~input ;
; Maximum fan-out                             ; 26           ;
; Total fan-out                               ; 407          ;
; Average fan-out                             ; 1.79         ;
+---------------------------------------------+--------------+


+--------------------------------------------------------------------------------------------------------------------------------------------------------------------------------------------------------------------------------------+
; Analysis & Synthesis Resource Utilization by Entity                                                                                                                                                                                  ;
+---------------------------------+---------------------+---------------------------+-------------+--------------+---------+-----------+------+--------------+-----------------------------------------+----------------+--------------+
; Compilation Hierarchy Node      ; Combinational ALUTs ; Dedicated Logic Registers ; Memory Bits ; DSP Elements ; DSP 9x9 ; DSP 18x18 ; Pins ; Virtual Pins ; Full Hierarchy Name                     ; Entity Name    ; Library Name ;
+---------------------------------+---------------------+---------------------------+-------------+--------------+---------+-----------+------+--------------+-----------------------------------------+----------------+--------------+
; |monitor_top                    ; 72 (0)              ; 39 (0)                    ; 0           ; 0            ; 0       ; 0         ; 58   ; 0            ; |monitor_top                            ; monitor_top    ; work         ;
;    |baud_generator:baud_gen_rx| ; 8 (8)               ; 6 (6)                     ; 0           ; 0            ; 0       ; 0         ; 0    ; 0            ; |monitor_top|baud_generator:baud_gen_rx ; baud_generator ; work         ;
;    |baud_generator:baud_gen_tx| ; 14 (14)             ; 10 (10)                   ; 0           ; 0            ; 0       ; 0         ; 0    ; 0            ; |monitor_top|baud_generator:baud_gen_tx ; baud_generator ; work         ;
;    |uart_rx:receiver|           ; 50 (50)             ; 23 (23)                   ; 0           ; 0            ; 0       ; 0         ; 0    ; 0            ; |monitor_top|uart_rx:receiver           ; uart_rx        ; work         ;
+---------------------------------+---------------------+---------------------------+-------------+--------------+---------+-----------+------+--------------+-----------------------------------------+----------------+--------------+
Note: For table entries with two numbers listed, the numbers in parentheses indicate the number of resources of the given type used by the specific entity alone. The numbers listed outside of parentheses indicate the total resources of the given type used by the specific entity and all of its sub-entities in the hierarchy.


Encoding Type:  One-Hot
+------------------------------------------------------+
; State Machine - |monitor_top|uart_rx:receiver|state  ;
+----------+----------+----------+----------+----------+
; Name     ; state.11 ; state.10 ; state.01 ; state.00 ;
+----------+----------+----------+----------+----------+
; state.00 ; 0        ; 0        ; 0        ; 0        ;
; state.01 ; 0        ; 0        ; 1        ; 1        ;
; state.10 ; 0        ; 1        ; 0        ; 1        ;
; state.11 ; 1        ; 0        ; 0        ; 1        ;
+----------+----------+----------+----------+----------+


+------------------------------------------------------------+
; Registers Removed During Synthesis                         ;
+---------------------------------------+--------------------+
; Register name                         ; Reason for Removal ;
+---------------------------------------+--------------------+
; uart_rx:receiver|state~6              ; Lost fanout        ;
; uart_rx:receiver|state~7              ; Lost fanout        ;
; Total Number of Removed Registers = 2 ;                    ;
+---------------------------------------+--------------------+


+------------------------------------------------------+
; General Register Statistics                          ;
+----------------------------------------------+-------+
; Statistic                                    ; Value ;
+----------------------------------------------+-------+
; Total registers                              ; 39    ;
; Number of registers using Synchronous Clear  ; 14    ;
; Number of registers using Synchronous Load   ; 0     ;
; Number of registers using Asynchronous Clear ; 0     ;
; Number of registers using Asynchronous Load  ; 0     ;
; Number of registers using Clock Enable       ; 12    ;
; Number of registers using Preset             ; 0     ;
+----------------------------------------------+-------+


+----------------------------------------------------------------------------------------------------------------------------------------------------------------+
; Multiplexer Restructuring Statistics (Restructuring Performed)                                                                                                 ;
+--------------------+-----------+---------------+----------------------+------------------------+------------+--------------------------------------------------+
; Multiplexer Inputs ; Bus Width ; Baseline Area ; Area if Restructured ; Saving if Restructured ; Registered ; Example Multiplexer Output                       ;
+--------------------+-----------+---------------+----------------------+------------------------+------------+--------------------------------------------------+
; 3:1                ; 5 bits    ; 10 LEs        ; 5 LEs                ; 5 LEs                  ; Yes        ; |monitor_top|baud_generator:baud_gen_rx|ticks[0] ;
; 3:1                ; 9 bits    ; 18 LEs        ; 9 LEs                ; 9 LEs                  ; Yes        ; |monitor_top|baud_generator:baud_gen_tx|ticks[8] ;
; 6:1                ; 12 bits   ; 48 LEs        ; 12 LEs               ; 36 LEs                 ; Yes        ; |monitor_top|uart_rx:receiver|data_idx[3]        ;
; 7:1                ; 4 bits    ; 16 LEs        ; 4 LEs                ; 12 LEs                 ; Yes        ; |monitor_top|uart_rx:receiver|oversample_idx[1]  ;
; 7:1                ; 2 bits    ; 8 LEs         ; 6 LEs                ; 2 LEs                  ; No         ; |monitor_top|uart_rx:receiver|state              ;
; 9:1                ; 2 bits    ; 12 LEs        ; 4 LEs                ; 8 LEs                  ; No         ; |monitor_top|uart_rx:receiver|state              ;
+--------------------+-----------+---------------+----------------------+------------------------+------------+--------------------------------------------------+


+-------------------------------------------------------------------------+
; Parameter Settings for User Entity Instance: baud_generator:baud_gen_tx ;
+----------------+----------+---------------------------------------------+
; Parameter Name ; Value    ; Type                                        ;
+----------------+----------+---------------------------------------------+
; CLK_FRQ        ; 50000000 ; Signed Integer                              ;
; BAUD_RATE      ; 115200   ; Signed Integer                              ;
+----------------+----------+---------------------------------------------+
Note: In order to hide this table in the UI and the text report file, please set the "Show Parameter Settings in Synthesis Report" option in "Analysis and Synthesis Settings -> More Settings" to "Off".


+-------------------------------------------------------------------------+
; Parameter Settings for User Entity Instance: baud_generator:baud_gen_rx ;
+----------------+----------+---------------------------------------------+
; Parameter Name ; Value    ; Type                                        ;
+----------------+----------+---------------------------------------------+
; CLK_FRQ        ; 50000000 ; Signed Integer                              ;
; BAUD_RATE      ; 1843200  ; Signed Integer                              ;
+----------------+----------+---------------------------------------------+
Note: In order to hide this table in the UI and the text report file, please set the "Show Parameter Settings in Synthesis Report" option in "Analysis and Synthesis Settings -> More Settings" to "Off".


+-----------------------------------------------------+
; Post-Synthesis Netlist Statistics for Top Partition ;
+-----------------------+-----------------------------+
; Type                  ; Count                       ;
+-----------------------+-----------------------------+
; boundary_port         ; 58                          ;
; cycloneiii_ff         ; 39                          ;
;     ENA               ; 12                          ;
;     SCLR              ; 14                          ;
;     plain             ; 13                          ;
; cycloneiii_lcell_comb ; 74                          ;
;     arith             ; 12                          ;
;         2 data inputs ; 12                          ;
;     normal            ; 62                          ;
;         0 data inputs ; 1                           ;
;         1 data inputs ; 3                           ;
;         2 data inputs ; 7                           ;
;         3 data inputs ; 17                          ;
;         4 data inputs ; 34                          ;
;                       ;                             ;
; Max LUT depth         ; 5.00                        ;
; Average LUT depth     ; 2.75                        ;
+-----------------------+-----------------------------+


+-------------------------------+
; Elapsed Time Per Partition    ;
+----------------+--------------+
; Partition Name ; Elapsed Time ;
+----------------+--------------+
; Top            ; 00:00:00     ;
+----------------+--------------+


+-------------------------------+
; Analysis & Synthesis Messages ;
+-------------------------------+
Info: *******************************************************************
Info: Running Quartus Prime Analysis & Synthesis
    Info: Version 20.1.0 Build 711 06/05/2020 SJ Lite Edition
    Info: Processing started: Mon Feb 14 15:39:50 2022
Info: Command: quartus_map --read_settings_files=on --write_settings_files=off monitor_top -c monitor_top
Warning (18236): Number of processors has not been specified which may cause overloading on shared machines.  Set the global assignment NUM_PARALLEL_PROCESSORS in your QSF to an appropriate value for best performance.
Info (20030): Parallel compilation is enabled and will use 4 of the 4 processors detected
Info (12021): Found 1 design units, including 1 entities, in source file src/uart_rx.sv
    Info (12023): Found entity 1: uart_rx File: C:/Users/Tyler/Documents/github/CME495/monitor/fpga/src/uart_rx.sv Line: 7
Info (12021): Found 1 design units, including 1 entities, in source file src/monitor_top.sv
    Info (12023): Found entity 1: monitor_top File: C:/Users/Tyler/Documents/github/CME495/monitor/fpga/src/monitor_top.sv Line: 16
Info (12021): Found 1 design units, including 1 entities, in source file src/count_ones.sv
    Info (12023): Found entity 1: count_ones File: C:/Users/Tyler/Documents/github/CME495/monitor/fpga/src/count_ones.sv Line: 5
Info (12021): Found 1 design units, including 1 entities, in source file src/baud_generator.sv
    Info (12023): Found entity 1: baud_generator File: C:/Users/Tyler/Documents/github/CME495/monitor/fpga/src/baud_generator.sv Line: 5
Info (12127): Elaborating entity "monitor_top" for the top level hierarchy
Warning (10036): Verilog HDL or VHDL warning at monitor_top.sv(48): object "tx_byte" assigned a value but never read File: C:/Users/Tyler/Documents/github/CME495/monitor/fpga/src/monitor_top.sv Line: 48
Warning (10030): Net "uart_txd" at monitor_top.sv(21) has no driver or initial value, using a default initial value '0' File: C:/Users/Tyler/Documents/github/CME495/monitor/fpga/src/monitor_top.sv Line: 21
Warning (10030): Net "uart_rts" at monitor_top.sv(22) has no driver or initial value, using a default initial value '0' File: C:/Users/Tyler/Documents/github/CME495/monitor/fpga/src/monitor_top.sv Line: 22
Warning (10034): Output port "LEDR[16..8]" at monitor_top.sv(33) has no driver File: C:/Users/Tyler/Documents/github/CME495/monitor/fpga/src/monitor_top.sv Line: 33
Warning (10034): Output port "LEDG[8]" at monitor_top.sv(35) has no driver File: C:/Users/Tyler/Documents/github/CME495/monitor/fpga/src/monitor_top.sv Line: 35
Warning (10034): Output port "LEDG[4..1]" at monitor_top.sv(35) has no driver File: C:/Users/Tyler/Documents/github/CME495/monitor/fpga/src/monitor_top.sv Line: 35
Info (12128): Elaborating entity "baud_generator" for hierarchy "baud_generator:baud_gen_tx" File: C:/Users/Tyler/Documents/github/CME495/monitor/fpga/src/monitor_top.sv Line: 81
Warning (10230): Verilog HDL assignment warning at baud_generator.sv(32): truncated value with size 32 to match size of target (9) File: C:/Users/Tyler/Documents/github/CME495/monitor/fpga/src/baud_generator.sv Line: 32
Info (12128): Elaborating entity "baud_generator" for hierarchy "baud_generator:baud_gen_rx" File: C:/Users/Tyler/Documents/github/CME495/monitor/fpga/src/monitor_top.sv Line: 87
Warning (10230): Verilog HDL assignment warning at baud_generator.sv(32): truncated value with size 32 to match size of target (5) File: C:/Users/Tyler/Documents/github/CME495/monitor/fpga/src/baud_generator.sv Line: 32
Info (12128): Elaborating entity "uart_rx" for hierarchy "uart_rx:receiver" File: C:/Users/Tyler/Documents/github/CME495/monitor/fpga/src/monitor_top.sv Line: 98
Warning (10230): Verilog HDL assignment warning at uart_rx.sv(89): truncated value with size 32 to match size of target (4) File: C:/Users/Tyler/Documents/github/CME495/monitor/fpga/src/uart_rx.sv Line: 89
Warning (10230): Verilog HDL assignment warning at uart_rx.sv(100): truncated value with size 32 to match size of target (4) File: C:/Users/Tyler/Documents/github/CME495/monitor/fpga/src/uart_rx.sv Line: 100
Warning (10230): Verilog HDL assignment warning at uart_rx.sv(101): truncated value with size 32 to match size of target (4) File: C:/Users/Tyler/Documents/github/CME495/monitor/fpga/src/uart_rx.sv Line: 101
Warning (10230): Verilog HDL assignment warning at uart_rx.sv(110): truncated value with size 32 to match size of target (4) File: C:/Users/Tyler/Documents/github/CME495/monitor/fpga/src/uart_rx.sv Line: 110
Warning (10230): Verilog HDL assignment warning at uart_rx.sv(117): truncated value with size 32 to match size of target (4) File: C:/Users/Tyler/Documents/github/CME495/monitor/fpga/src/uart_rx.sv Line: 117
Warning (10230): Verilog HDL assignment warning at uart_rx.sv(129): truncated value with size 32 to match size of target (4) File: C:/Users/Tyler/Documents/github/CME495/monitor/fpga/src/uart_rx.sv Line: 129
Warning (10230): Verilog HDL assignment warning at uart_rx.sv(150): truncated value with size 32 to match size of target (4) File: C:/Users/Tyler/Documents/github/CME495/monitor/fpga/src/uart_rx.sv Line: 150
Warning (13024): Output pins are stuck at VCC or GND
    Warning (13410): Pin "uart_txd" is stuck at GND File: C:/Users/Tyler/Documents/github/CME495/monitor/fpga/src/monitor_top.sv Line: 21
    Warning (13410): Pin "uart_rts" is stuck at GND File: C:/Users/Tyler/Documents/github/CME495/monitor/fpga/src/monitor_top.sv Line: 22
    Warning (13410): Pin "gpio_3" is stuck at GND File: C:/Users/Tyler/Documents/github/CME495/monitor/fpga/src/monitor_top.sv Line: 26
    Warning (13410): Pin "gpio_4" is stuck at GND File: C:/Users/Tyler/Documents/github/CME495/monitor/fpga/src/monitor_top.sv Line: 27
    Warning (13410): Pin "LEDR[8]" is stuck at GND File: C:/Users/Tyler/Documents/github/CME495/monitor/fpga/src/monitor_top.sv Line: 33
    Warning (13410): Pin "LEDR[9]" is stuck at GND File: C:/Users/Tyler/Documents/github/CME495/monitor/fpga/src/monitor_top.sv Line: 33
    Warning (13410): Pin "LEDR[10]" is stuck at GND File: C:/Users/Tyler/Documents/github/CME495/monitor/fpga/src/monitor_top.sv Line: 33
    Warning (13410): Pin "LEDR[11]" is stuck at GND File: C:/Users/Tyler/Documents/github/CME495/monitor/fpga/src/monitor_top.sv Line: 33
    Warning (13410): Pin "LEDR[12]" is stuck at GND File: C:/Users/Tyler/Documents/github/CME495/monitor/fpga/src/monitor_top.sv Line: 33
    Warning (13410): Pin "LEDR[13]" is stuck at GND File: C:/Users/Tyler/Documents/github/CME495/monitor/fpga/src/monitor_top.sv Line: 33
    Warning (13410): Pin "LEDR[14]" is stuck at GND File: C:/Users/Tyler/Documents/github/CME495/monitor/fpga/src/monitor_top.sv Line: 33
    Warning (13410): Pin "LEDR[15]" is stuck at GND File: C:/Users/Tyler/Documents/github/CME495/monitor/fpga/src/monitor_top.sv Line: 33
    Warning (13410): Pin "LEDR[16]" is stuck at GND File: C:/Users/Tyler/Documents/github/CME495/monitor/fpga/src/monitor_top.sv Line: 33
    Warning (13410): Pin "LEDG[1]" is stuck at GND File: C:/Users/Tyler/Documents/github/CME495/monitor/fpga/src/monitor_top.sv Line: 35
    Warning (13410): Pin "LEDG[2]" is stuck at GND File: C:/Users/Tyler/Documents/github/CME495/monitor/fpga/src/monitor_top.sv Line: 35
    Warning (13410): Pin "LEDG[3]" is stuck at GND File: C:/Users/Tyler/Documents/github/CME495/monitor/fpga/src/monitor_top.sv Line: 35
    Warning (13410): Pin "LEDG[4]" is stuck at GND File: C:/Users/Tyler/Documents/github/CME495/monitor/fpga/src/monitor_top.sv Line: 35
    Warning (13410): Pin "LEDG[8]" is stuck at GND File: C:/Users/Tyler/Documents/github/CME495/monitor/fpga/src/monitor_top.sv Line: 35
Info (286030): Timing-Driven Synthesis is running
Info (17049): 2 registers lost all their fanouts during netlist optimizations.
Info (16010): Generating hard_block partition "hard_block:auto_generated_inst"
    Info (16011): Adding 0 node(s), including 0 DDIO, 0 PLL, 0 transceiver and 0 LCELL
Warning (21074): Design contains 17 input pin(s) that do not drive logic
    Warning (15610): No output dependent on input pin "SW[0]" File: C:/Users/Tyler/Documents/github/CME495/monitor/fpga/src/monitor_top.sv Line: 32
    Warning (15610): No output dependent on input pin "SW[1]" File: C:/Users/Tyler/Documents/github/CME495/monitor/fpga/src/monitor_top.sv Line: 32
    Warning (15610): No output dependent on input pin "SW[2]" File: C:/Users/Tyler/Documents/github/CME495/monitor/fpga/src/monitor_top.sv Line: 32
    Warning (15610): No output dependent on input pin "SW[3]" File: C:/Users/Tyler/Documents/github/CME495/monitor/fpga/src/monitor_top.sv Line: 32
    Warning (15610): No output dependent on input pin "SW[4]" File: C:/Users/Tyler/Documents/github/CME495/monitor/fpga/src/monitor_top.sv Line: 32
    Warning (15610): No output dependent on input pin "SW[5]" File: C:/Users/Tyler/Documents/github/CME495/monitor/fpga/src/monitor_top.sv Line: 32
    Warning (15610): No output dependent on input pin "SW[6]" File: C:/Users/Tyler/Documents/github/CME495/monitor/fpga/src/monitor_top.sv Line: 32
    Warning (15610): No output dependent on input pin "SW[7]" File: C:/Users/Tyler/Documents/github/CME495/monitor/fpga/src/monitor_top.sv Line: 32
    Warning (15610): No output dependent on input pin "SW[8]" File: C:/Users/Tyler/Documents/github/CME495/monitor/fpga/src/monitor_top.sv Line: 32
    Warning (15610): No output dependent on input pin "SW[9]" File: C:/Users/Tyler/Documents/github/CME495/monitor/fpga/src/monitor_top.sv Line: 32
    Warning (15610): No output dependent on input pin "SW[10]" File: C:/Users/Tyler/Documents/github/CME495/monitor/fpga/src/monitor_top.sv Line: 32
    Warning (15610): No output dependent on input pin "SW[11]" File: C:/Users/Tyler/Documents/github/CME495/monitor/fpga/src/monitor_top.sv Line: 32
    Warning (15610): No output dependent on input pin "SW[12]" File: C:/Users/Tyler/Documents/github/CME495/monitor/fpga/src/monitor_top.sv Line: 32
    Warning (15610): No output dependent on input pin "SW[13]" File: C:/Users/Tyler/Documents/github/CME495/monitor/fpga/src/monitor_top.sv Line: 32
    Warning (15610): No output dependent on input pin "SW[14]" File: C:/Users/Tyler/Documents/github/CME495/monitor/fpga/src/monitor_top.sv Line: 32
    Warning (15610): No output dependent on input pin "SW[15]" File: C:/Users/Tyler/Documents/github/CME495/monitor/fpga/src/monitor_top.sv Line: 32
    Warning (15610): No output dependent on input pin "SW[16]" File: C:/Users/Tyler/Documents/github/CME495/monitor/fpga/src/monitor_top.sv Line: 32
Info (21057): Implemented 130 device resources after synthesis - the final resource count might be different
    Info (21058): Implemented 22 input pins
    Info (21059): Implemented 36 output pins
    Info (21061): Implemented 72 logic cells
Info: Quartus Prime Analysis & Synthesis was successful. 0 errors, 53 warnings
    Info: Peak virtual memory: 4762 megabytes
    Info: Processing ended: Mon Feb 14 15:39:59 2022
    Info: Elapsed time: 00:00:09
    Info: Total CPU time (on all processors): 00:00:23


